<?xml version="1.0" encoding="UTF-8"?>
<!-- Generated by org.testng.reporters.JUnitXMLReporter -->
<testsuite ignored="11" hostname="BhawnaMalik" failures="0" tests="7" name="Test" time="37.143" errors="0" timestamp="19 Apr 2021 10:37:17 GMT">
  <testcase classname="com.nagarro.nagptestng.TestNGPriority" name="testminus1" time="0.008"/>
  <testcase classname="com.nagarro.nagpsession.Sample" name="verifyParameter" time="0.003"/>
  <testcase classname="com.nagarro.nagpsession.Sample" name="loginTest" time="7.647"/>
  <testcase classname="com.nagarro.nagptestng.TestNGPriority" name="test" time="0.004"/>
  <testcase classname="com.nagarro.nagptestng.TestNGGrouping" name="G3T1" time="0.005"/>
  <testcase classname="com.nagarro.nagptestng.TestNGGrouping" name="G3T2" time="0.004"/>
  <testcase classname="com.nagarro.nagptestng.TestNGPriority" name="testpriority2" time="0.003"/>
  <testcase classname="com.nagarro.nagptestng.TestNGPriority" name="testminus2" time="0.0">
    <ignored/>
  </testcase> <!-- testminus2 -->
  <testcase classname="com.nagarro.nagptestng.TestNGGrouping" name="G1T1" time="0.0">
    <ignored/>
  </testcase> <!-- G1T1 -->
  <testcase classname="com.nagarro.nagpsession.Sample" name="loginTestSoftAsset" time="0.0">
    <ignored/>
  </testcase> <!-- loginTestSoftAsset -->
  <testcase classname="com.nagarro.nagptestng.TestNGGrouping" name="sample1" time="0.0">
    <ignored/>
  </testcase> <!-- sample1 -->
  <testcase classname="com.nagarro.nagptestng.TestNGGrouping" name="G1T2" time="0.0">
    <ignored/>
  </testcase> <!-- G1T2 -->
  <testcase classname="com.nagarro.nagptestng.TestNGGrouping" name="G2T1" time="0.0">
    <ignored/>
  </testcase> <!-- G2T1 -->
  <testcase classname="com.nagarro.nagptestng.TestNGPriority" name="skipTest" time="0.0">
    <ignored/>
  </testcase> <!-- skipTest -->
  <testcase classname="com.nagarro.nagptestng.TestNGGrouping" name="G1T3" time="0.0">
    <ignored/>
  </testcase> <!-- G1T3 -->
  <testcase classname="com.nagarro.nagptestng.TestNGGrouping" name="G2T2" time="0.0">
    <ignored/>
  </testcase> <!-- G2T2 -->
  <testcase classname="com.nagarro.nagptestng.TestNGPriority" name="testpriority1" time="0.0">
    <ignored/>
  </testcase> <!-- testpriority1 -->
  <testcase classname="com.nagarro.nagptestng.TestNGGrouping" name="sample2" time="0.0">
    <ignored/>
  </testcase> <!-- sample2 -->
</testsuite> <!-- Test -->
